{
  "0 debug pnpm:scope": {
    "selected": 1
  },
  "1 debug pnpm:package-manifest": {
    "initial": {
      "name": "test-ssr-vue",
      "private": true,
      "version": "0.0.0",
      "scripts": {
        "dev": "node server",
        "build": "npm run build:client && npm run build:server",
        "build:noExternal": "npm run build:client && npm run build:server:noExternal",
        "build:client": "vite build --ssrManifest --outDir dist/client",
        "build:server": "vite build --ssr src/entry-server.js --outDir dist/server",
        "build:server:noExternal": "vite build --config vite.config.noexternal.js --ssr src/entry-server.js --outDir dist/server",
        "generate": "vite build --ssrManifest --outDir dist/static && npm run build:server && node prerender",
        "serve": "cross-env NODE_ENV=production node server",
        "debug": "node --inspect-brk server"
      },
      "dependencies": {
        "example-external-component": "file:example-external-component",
        "vue": "^3.2.25",
        "vue-router": "^4.0.0",
        "vuex": "^4.0.2"
      },
      "devDependencies": {
        "@vitejs/plugin-vue": "workspace:*",
        "@vitejs/plugin-vue-jsx": "workspace:*",
        "compression": "^1.7.4",
        "cross-env": "^7.0.3",
        "dep-import-type": "link:./dep-import-type",
        "express": "^4.17.1",
        "serve-static": "^1.14.1"
      }
    },
    "prefix": "E:\\projects\\ssr-vue"
  },
  "2 debug pnpm:context": {
    "currentLockfileExists": false,
    "storeDir": "E:\\.pnpm-store\\v3",
    "virtualStoreDir": "E:\\projects\\ssr-vue\\node_modules\\.pnpm"
  },
  "3 debug pnpm:stage": {
    "prefix": "E:\\projects\\ssr-vue",
    "stage": "resolution_started"
  },
  "4 error pnpm": {
    "code": "ERR_PNPM_NO_MATCHING_VERSION_INSIDE_WORKSPACE",
    "pkgsStack": [],
    "err": {
      "name": "pnpm",
      "message": "In : No matching version found for @vitejs/plugin-vue@* inside the workspace",
      "code": "ERR_PNPM_NO_MATCHING_VERSION_INSIDE_WORKSPACE",
      "stack": "pnpm: In : No matching version found for @vitejs/plugin-vue@* inside the workspace\n    at tryResolveFromWorkspace (C:\\Users\\USTGZ09\\AppData\\Roaming\\npm\\pnpm-global\\5\\node_modules\\.pnpm\\pnpm@6.24.2\\node_modules\\pnpm\\dist\\pnpm.cjs:85655:15)\n    at resolveNpm (C:\\Users\\USTGZ09\\AppData\\Roaming\\npm\\pnpm-global\\5\\node_modules\\.pnpm\\pnpm@6.24.2\\node_modules\\pnpm\\dist\\pnpm.cjs:85546:39)\n    at Object.resolve (C:\\Users\\USTGZ09\\AppData\\Roaming\\npm\\pnpm-global\\5\\node_modules\\.pnpm\\pnpm@6.24.2\\node_modules\\pnpm\\dist\\pnpm.cjs:85778:40)\n    at ctx.requestsQueue.add.priority (C:\\Users\\USTGZ09\\AppData\\Roaming\\npm\\pnpm-global\\5\\node_modules\\.pnpm\\pnpm@6.24.2\\node_modules\\pnpm\\dist\\pnpm.cjs:71711:75)\n    at run (C:\\Users\\USTGZ09\\AppData\\Roaming\\npm\\pnpm-global\\5\\node_modules\\.pnpm\\pnpm@6.24.2\\node_modules\\pnpm\\dist\\pnpm.cjs:71427:90)\n    at PQueue._tryToStartAnother (C:\\Users\\USTGZ09\\AppData\\Roaming\\npm\\pnpm-global\\5\\node_modules\\.pnpm\\pnpm@6.24.2\\node_modules\\pnpm\\dist\\pnpm.cjs:71381:13)\n    at C:\\Users\\USTGZ09\\AppData\\Roaming\\npm\\pnpm-global\\5\\node_modules\\.pnpm\\pnpm@6.24.2\\node_modules\\pnpm\\dist\\pnpm.cjs:71440:16\n    at new Promise (<anonymous>)\n    at PQueue.add (C:\\Users\\USTGZ09\\AppData\\Roaming\\npm\\pnpm-global\\5\\node_modules\\.pnpm\\pnpm@6.24.2\\node_modules\\pnpm\\dist\\pnpm.cjs:71422:16)\n    at resolveAndFetch (C:\\Users\\USTGZ09\\AppData\\Roaming\\npm\\pnpm-global\\5\\node_modules\\.pnpm\\pnpm@6.24.2\\node_modules\\pnpm\\dist\\pnpm.cjs:71711:55)"
    }
  }
}